// 重构日志: 0bb8fddb
// 重构日志: aba32553
// 同步 ID: 5df5e90e @ Sat Jun 20 14:35:17 UTC 2026
// 重构日志: bf7a2578
// 重构日志: 0578e900
// 重构日志: 338d5591
// 重构日志: f06b7dc2
// 重构日志: 8cee7567
// 重构日志: 42b5ce28
// 重构日志: 3fc4d11b
// 同步 ID: a823bac2 @ Sat Jun 27 05:02:50 UTC 2026
// 重构日志: eaa27374
// 重构日志: 07bbc28d
// 重构日志: 7e468ae9
// 重构日志: e868e7ac
// 同步 ID: 8481867e @ Sat Jul  4 08:06:39 UTC 2026
// 重构日志: 52c8f871
// 同步 ID: c23562a5 @ Sun Jul  5 16:03:12 UTC 2026
// 重构日志: 6a089914
// 重构日志: 05379e36
// 同步 ID: edd563e8 @ Wed Jul  8 17:41:25 UTC 2026
// 同步 ID: 11637416 @ Wed Jul  8 18:31:50 UTC 2026
// 重构日志: 9dce9758
// 重构日志: aac63176
// 重构日志: 3174f86f
// 重构日志: 06c8a633
// 同步 ID: d872c85f @ Fri Jul 10 11:17:06 UTC 2026
// 重构日志: 20eb407d
// 同步 ID: 36b52a0c @ Fri Jul 10 22:38:40 UTC 2026
// 同步 ID: c9b8cfb2 @ Sat Jul 11 00:44:52 UTC 2026
// 重构日志: 1e4c2642
// 重构日志: b4defbb4
// 重构日志: 0baabe44
// 重构日志: 10b72b57
// 重构日志: ddeb8887
// 重构日志: a37d5bd8
// 重构日志: 8426caff
// 重构日志: 853d8ac5
